<?xml version="1.0" encoding="UTF-8"?>
<!-- Generated by org.testng.reporters.JUnitXMLReporter -->
<testsuite ignored="0" hostname="DESKTOP-9HUJEEL" failures="0" tests="3" name="Default test" time="10.283" errors="0" timestamp="2024-07-22T12:17:15 IST">
  <testcase classname="LandingPageTest.LandingPageValidationTest" name="getStartedButtonVald" time="2.382"/>
  <testcase classname="LandingPageTest.LandingPageValidationTest" name="welcomeTextVald" time="0.231"/>
  <testcase classname="LandingPageTest.LandingPageValidationTest" name="healthcareTilevald" time="0.16"/>
</testsuite> <!-- Default test -->
