<?xml version="1.0" encoding="UTF-8"?>
<testng-results ignored="0" total="2" passed="2" failed="0" skipped="0">
  <reporter-output>
  </reporter-output>
  <suite started-at="2024-07-17T13:58:47 IST" name="Default suite" finished-at="2024-07-17T13:59:04 IST" duration-ms="17521">
    <groups>
    </groups>
    <test started-at="2024-07-17T13:58:47 IST" name="Default test" finished-at="2024-07-17T13:59:04 IST" duration-ms="17521">
      <class name="LandingPageTest.SignUpPageTest">
        <test-method is-config="true" signature="startBrowser(java.lang.String)[pri:0, instance:LandingPageTest.SignUpPageTest@a38c7fe]" started-at="2024-07-17T13:58:47 IST" name="startBrowser" finished-at="2024-07-17T13:58:50 IST" duration-ms="3543" status="PASS">
          <params>
            <param index="0">
              <value>
                <![CDATA[chrome]]>
              </value>
            </param>
          </params>
          <reporter-output>
          </reporter-output>
        </test-method> <!-- startBrowser -->
        <test-method signature="signUpVald()[pri:0, instance:LandingPageTest.SignUpPageTest@a38c7fe]" started-at="2024-07-17T13:58:50 IST" name="signUpVald" finished-at="2024-07-17T13:58:53 IST" duration-ms="2878" status="PASS">
          <reporter-output>
          </reporter-output>
        </test-method> <!-- signUpVald -->
        <test-method is-config="true" signature="closeBrowser()[pri:0, instance:LandingPageTest.SignUpPageTest@a38c7fe]" started-at="2024-07-17T13:58:54 IST" name="closeBrowser" finished-at="2024-07-17T13:58:54 IST" duration-ms="320" status="PASS">
          <reporter-output>
          </reporter-output>
        </test-method> <!-- closeBrowser -->
        <test-method is-config="true" signature="startBrowser(java.lang.String)[pri:0, instance:LandingPageTest.SignUpPageTest@a38c7fe]" started-at="2024-07-17T13:58:54 IST" name="startBrowser" finished-at="2024-07-17T13:58:56 IST" duration-ms="2335" status="PASS">
          <params>
            <param index="0">
              <value>
                <![CDATA[chrome]]>
              </value>
            </param>
          </params>
          <reporter-output>
          </reporter-output>
        </test-method> <!-- startBrowser -->
        <test-method signature="signinLinkvald()[pri:0, instance:LandingPageTest.SignUpPageTest@a38c7fe]" started-at="2024-07-17T13:58:56 IST" name="signinLinkvald" finished-at="2024-07-17T13:59:04 IST" duration-ms="7234" status="PASS">
          <reporter-output>
          </reporter-output>
        </test-method> <!-- signinLinkvald -->
        <test-method is-config="true" signature="closeBrowser()[pri:0, instance:LandingPageTest.SignUpPageTest@a38c7fe]" started-at="2024-07-17T13:59:04 IST" name="closeBrowser" finished-at="2024-07-17T13:59:04 IST" duration-ms="261" status="PASS">
          <reporter-output>
          </reporter-output>
        </test-method> <!-- closeBrowser -->
      </class> <!-- LandingPageTest.SignUpPageTest -->
    </test> <!-- Default test -->
  </suite> <!-- Default suite -->
</testng-results>
