<?xml version="1.0" encoding="UTF-8"?>
<testng-results ignored="0" total="3" passed="3" failed="0" skipped="0">
  <reporter-output>
  </reporter-output>
  <suite started-at="2024-07-22T12:17:05 IST" name="Default suite" finished-at="2024-07-22T12:17:15 IST" duration-ms="10283">
    <groups>
    </groups>
    <test started-at="2024-07-22T12:17:05 IST" name="Default test" finished-at="2024-07-22T12:17:15 IST" duration-ms="10283">
      <class name="LandingPageTest.LandingPageValidationTest">
        <test-method is-config="true" signature="startBrowser(java.lang.String)[pri:0, instance:LandingPageTest.LandingPageValidationTest@6fdbe764]" started-at="2024-07-22T12:17:05 IST" name="startBrowser" finished-at="2024-07-22T12:17:07 IST" duration-ms="2551" status="PASS">
          <params>
            <param index="0">
              <value>
                <![CDATA[chrome]]>
              </value>
            </param>
          </params>
          <reporter-output>
          </reporter-output>
        </test-method> <!-- startBrowser -->
        <test-method signature="getStartedButtonVald()[pri:1, instance:LandingPageTest.LandingPageValidationTest@6fdbe764]" started-at="2024-07-22T12:17:07 IST" name="getStartedButtonVald" finished-at="2024-07-22T12:17:10 IST" duration-ms="2382" status="PASS">
          <reporter-output>
          </reporter-output>
        </test-method> <!-- getStartedButtonVald -->
        <test-method is-config="true" signature="closeBrowser()[pri:0, instance:LandingPageTest.LandingPageValidationTest@6fdbe764]" started-at="2024-07-22T12:17:10 IST" name="closeBrowser" finished-at="2024-07-22T12:17:10 IST" duration-ms="180" status="PASS">
          <reporter-output>
          </reporter-output>
        </test-method> <!-- closeBrowser -->
        <test-method is-config="true" signature="startBrowser(java.lang.String)[pri:0, instance:LandingPageTest.LandingPageValidationTest@6fdbe764]" started-at="2024-07-22T12:17:10 IST" name="startBrowser" finished-at="2024-07-22T12:17:12 IST" duration-ms="1892" status="PASS">
          <params>
            <param index="0">
              <value>
                <![CDATA[chrome]]>
              </value>
            </param>
          </params>
          <reporter-output>
          </reporter-output>
        </test-method> <!-- startBrowser -->
        <test-method signature="welcomeTextVald()[pri:2, instance:LandingPageTest.LandingPageValidationTest@6fdbe764]" started-at="2024-07-22T12:17:12 IST" name="welcomeTextVald" finished-at="2024-07-22T12:17:13 IST" duration-ms="231" status="PASS">
          <reporter-output>
          </reporter-output>
        </test-method> <!-- welcomeTextVald -->
        <test-method is-config="true" signature="closeBrowser()[pri:0, instance:LandingPageTest.LandingPageValidationTest@6fdbe764]" started-at="2024-07-22T12:17:13 IST" name="closeBrowser" finished-at="2024-07-22T12:17:13 IST" duration-ms="158" status="PASS">
          <reporter-output>
          </reporter-output>
        </test-method> <!-- closeBrowser -->
        <test-method is-config="true" signature="startBrowser(java.lang.String)[pri:0, instance:LandingPageTest.LandingPageValidationTest@6fdbe764]" started-at="2024-07-22T12:17:13 IST" name="startBrowser" finished-at="2024-07-22T12:17:15 IST" duration-ms="1950" status="PASS">
          <params>
            <param index="0">
              <value>
                <![CDATA[chrome]]>
              </value>
            </param>
          </params>
          <reporter-output>
          </reporter-output>
        </test-method> <!-- startBrowser -->
        <test-method signature="healthcareTilevald()[pri:3, instance:LandingPageTest.LandingPageValidationTest@6fdbe764]" started-at="2024-07-22T12:17:15 IST" name="healthcareTilevald" finished-at="2024-07-22T12:17:15 IST" duration-ms="160" status="PASS">
          <reporter-output>
          </reporter-output>
        </test-method> <!-- healthcareTilevald -->
        <test-method is-config="true" signature="closeBrowser()[pri:0, instance:LandingPageTest.LandingPageValidationTest@6fdbe764]" started-at="2024-07-22T12:17:15 IST" name="closeBrowser" finished-at="2024-07-22T12:17:15 IST" duration-ms="175" status="PASS">
          <reporter-output>
          </reporter-output>
        </test-method> <!-- closeBrowser -->
      </class> <!-- LandingPageTest.LandingPageValidationTest -->
    </test> <!-- Default test -->
  </suite> <!-- Default suite -->
</testng-results>
